{"/Users/a.contreras/Development/Learning/React/pokedex/src/App.tsx": {"path":"/Users/a.contreras/Development/Learning/React/pokedex/src/App.tsx","all":false,"statementMap":{"0":{"start":{"line":1,"column":0},"end":{"line":1,"column":33}},"1":{"start":{"line":2,"column":0},"end":{"line":2,"column":19}},"2":{"start":{"line":3,"column":0},"end":{"line":3,"column":48}},"3":{"start":{"line":4,"column":0},"end":{"line":4,"column":42}},"5":{"start":{"line":6,"column":0},"end":{"line":6,"column":16}},"6":{"start":{"line":7,"column":0},"end":{"line":7,"column":59}},"8":{"start":{"line":9,"column":0},"end":{"line":9,"column":53}},"9":{"start":{"line":10,"column":0},"end":{"line":10,"column":32}},"10":{"start":{"line":11,"column":0},"end":{"line":11,"column":4}},"12":{"start":{"line":13,"column":0},"end":{"line":13,"column":10}},"13":{"start":{"line":14,"column":0},"end":{"line":14,"column":6}},"14":{"start":{"line":15,"column":0},"end":{"line":15,"column":14}},"15":{"start":{"line":16,"column":0},"end":{"line":16,"column":30}},"16":{"start":{"line":17,"column":0},"end":{"line":17,"column":15}},"17":{"start":{"line":18,"column":0},"end":{"line":18,"column":12}},"18":{"start":{"line":19,"column":0},"end":{"line":19,"column":48}},"19":{"start":{"line":20,"column":0},"end":{"line":20,"column":44}},"20":{"start":{"line":21,"column":0},"end":{"line":21,"column":13}},"21":{"start":{"line":22,"column":0},"end":{"line":22,"column":7}},"23":{"start":{"line":24,"column":0},"end":{"line":24,"column":1}},"25":{"start":{"line":26,"column":0},"end":{"line":26,"column":19}}},"s":{"0":1,"1":1,"2":1,"3":1,"5":1,"6":1,"8":1,"9":0,"10":0,"12":1,"13":1,"14":1,"15":1,"16":1,"17":1,"18":1,"19":1,"20":1,"21":1,"23":1,"25":1},"branchMap":{"0":{"type":"branch","line":6,"loc":{"start":{"line":6,"column":0},"end":{"line":24,"column":1}},"locations":[{"start":{"line":6,"column":0},"end":{"line":24,"column":1}}]}},"b":{"0":[1]},"fnMap":{"0":{"name":"App","decl":{"start":{"line":6,"column":0},"end":{"line":24,"column":1}},"loc":{"start":{"line":6,"column":0},"end":{"line":24,"column":1}},"line":6},"1":{"name":"handleShowDetail","decl":{"start":{"line":9,"column":27},"end":{"line":11,"column":4}},"loc":{"start":{"line":9,"column":27},"end":{"line":11,"column":4}},"line":9}},"f":{"0":1,"1":0}}
,"/Users/a.contreras/Development/Learning/React/pokedex/src/main.tsx": {"path":"/Users/a.contreras/Development/Learning/React/pokedex/src/main.tsx","all":true,"statementMap":{"0":{"start":{"line":1,"column":0},"end":{"line":1,"column":26}},"1":{"start":{"line":2,"column":0},"end":{"line":2,"column":40}},"2":{"start":{"line":3,"column":0},"end":{"line":3,"column":28}},"3":{"start":{"line":4,"column":0},"end":{"line":4,"column":21}},"5":{"start":{"line":6,"column":0},"end":{"line":6,"column":61}},"6":{"start":{"line":7,"column":0},"end":{"line":7,"column":20}},"7":{"start":{"line":8,"column":0},"end":{"line":8,"column":11}},"8":{"start":{"line":9,"column":0},"end":{"line":9,"column":21}},"9":{"start":{"line":10,"column":0},"end":{"line":10,"column":2}}},"s":{"0":0,"1":0,"2":0,"3":0,"5":0,"6":0,"7":0,"8":0,"9":0},"branchMap":{"0":{"type":"branch","line":1,"loc":{"start":{"line":1,"column":239},"end":{"line":10,"column":2}},"locations":[{"start":{"line":1,"column":239},"end":{"line":10,"column":2}}]}},"b":{"0":[0]},"fnMap":{"0":{"name":"(empty-report)","decl":{"start":{"line":1,"column":239},"end":{"line":10,"column":2}},"loc":{"start":{"line":1,"column":239},"end":{"line":10,"column":2}},"line":1}},"f":{"0":0}}
,"/Users/a.contreras/Development/Learning/React/pokedex/src/components/Detail/Detail.tsx": {"path":"/Users/a.contreras/Development/Learning/React/pokedex/src/components/Detail/Detail.tsx","all":false,"statementMap":{"0":{"start":{"line":1,"column":0},"end":{"line":1,"column":44}},"2":{"start":{"line":3,"column":0},"end":{"line":3,"column":22}},"3":{"start":{"line":4,"column":0},"end":{"line":4,"column":49}},"9":{"start":{"line":10,"column":0},"end":{"line":10,"column":62}},"10":{"start":{"line":11,"column":0},"end":{"line":11,"column":57}},"12":{"start":{"line":13,"column":0},"end":{"line":13,"column":19}},"13":{"start":{"line":14,"column":0},"end":{"line":14,"column":61}},"14":{"start":{"line":15,"column":0},"end":{"line":15,"column":42}},"15":{"start":{"line":16,"column":0},"end":{"line":16,"column":37}},"16":{"start":{"line":17,"column":0},"end":{"line":17,"column":25}},"17":{"start":{"line":18,"column":0},"end":{"line":18,"column":9}},"18":{"start":{"line":19,"column":0},"end":{"line":19,"column":20}},"20":{"start":{"line":21,"column":0},"end":{"line":21,"column":35}},"21":{"start":{"line":22,"column":0},"end":{"line":22,"column":36}},"23":{"start":{"line":24,"column":0},"end":{"line":24,"column":41}},"24":{"start":{"line":25,"column":0},"end":{"line":25,"column":4}},"26":{"start":{"line":27,"column":0},"end":{"line":27,"column":35}},"27":{"start":{"line":28,"column":0},"end":{"line":28,"column":36}},"29":{"start":{"line":30,"column":0},"end":{"line":30,"column":42}},"30":{"start":{"line":31,"column":0},"end":{"line":31,"column":4}},"32":{"start":{"line":33,"column":0},"end":{"line":33,"column":10}},"33":{"start":{"line":34,"column":0},"end":{"line":34,"column":13}},"34":{"start":{"line":35,"column":0},"end":{"line":35,"column":30}},"35":{"start":{"line":36,"column":0},"end":{"line":36,"column":69}},"36":{"start":{"line":37,"column":0},"end":{"line":37,"column":23}},"37":{"start":{"line":38,"column":0},"end":{"line":38,"column":32}},"38":{"start":{"line":39,"column":0},"end":{"line":39,"column":100}},"39":{"start":{"line":40,"column":0},"end":{"line":40,"column":43}},"40":{"start":{"line":41,"column":0},"end":{"line":41,"column":60}},"41":{"start":{"line":42,"column":0},"end":{"line":42,"column":60}},"42":{"start":{"line":43,"column":0},"end":{"line":43,"column":60}},"43":{"start":{"line":44,"column":0},"end":{"line":44,"column":16}},"44":{"start":{"line":45,"column":0},"end":{"line":45,"column":14}},"46":{"start":{"line":47,"column":0},"end":{"line":47,"column":14}},"48":{"start":{"line":49,"column":0},"end":{"line":49,"column":1}}},"s":{"0":1,"2":1,"3":1,"9":11,"10":11,"12":11,"13":7,"14":7,"15":7,"16":4,"17":7,"18":11,"20":11,"21":9,"23":9,"24":9,"26":11,"27":9,"29":9,"30":9,"32":11,"33":11,"34":11,"35":11,"36":11,"37":9,"38":9,"39":9,"40":9,"41":9,"42":9,"43":9,"44":9,"46":11,"48":11},"branchMap":{"0":{"type":"branch","line":10,"loc":{"start":{"line":10,"column":0},"end":{"line":49,"column":1}},"locations":[{"start":{"line":10,"column":0},"end":{"line":49,"column":1}}]},"1":{"type":"branch","line":36,"loc":{"start":{"line":36,"column":8},"end":{"line":36,"column":69}},"locations":[{"start":{"line":36,"column":8},"end":{"line":36,"column":69}}]},"2":{"type":"branch","line":37,"loc":{"start":{"line":37,"column":7},"end":{"line":45,"column":14}},"locations":[{"start":{"line":37,"column":7},"end":{"line":45,"column":14}}]},"3":{"type":"branch","line":39,"loc":{"start":{"line":39,"column":20},"end":{"line":39,"column":37}},"locations":[{"start":{"line":39,"column":20},"end":{"line":39,"column":37}}]},"4":{"type":"branch","line":39,"loc":{"start":{"line":39,"column":83},"end":{"line":39,"column":98}},"locations":[{"start":{"line":39,"column":83},"end":{"line":39,"column":98}}]},"5":{"type":"branch","line":41,"loc":{"start":{"line":41,"column":43},"end":{"line":41,"column":58}},"locations":[{"start":{"line":41,"column":43},"end":{"line":41,"column":58}}]},"6":{"type":"branch","line":13,"loc":{"start":{"line":13,"column":12},"end":{"line":19,"column":5}},"locations":[{"start":{"line":13,"column":12},"end":{"line":19,"column":5}}]},"7":{"type":"branch","line":15,"loc":{"start":{"line":15,"column":12},"end":{"line":15,"column":41}},"locations":[{"start":{"line":15,"column":12},"end":{"line":15,"column":41}}]},"8":{"type":"branch","line":16,"loc":{"start":{"line":16,"column":12},"end":{"line":18,"column":7}},"locations":[{"start":{"line":16,"column":12},"end":{"line":18,"column":7}}]},"9":{"type":"branch","line":21,"loc":{"start":{"line":21,"column":20},"end":{"line":25,"column":4}},"locations":[{"start":{"line":21,"column":20},"end":{"line":25,"column":4}}]},"10":{"type":"branch","line":22,"loc":{"start":{"line":22,"column":9},"end":{"line":22,"column":26}},"locations":[{"start":{"line":22,"column":9},"end":{"line":22,"column":26}}]},"11":{"type":"branch","line":22,"loc":{"start":{"line":22,"column":26},"end":{"line":22,"column":36}},"locations":[{"start":{"line":22,"column":26},"end":{"line":22,"column":36}}]},"12":{"type":"branch","line":22,"loc":{"start":{"line":22,"column":33},"end":{"line":24,"column":33}},"locations":[{"start":{"line":22,"column":33},"end":{"line":24,"column":33}}]},"13":{"type":"branch","line":27,"loc":{"start":{"line":27,"column":20},"end":{"line":31,"column":4}},"locations":[{"start":{"line":27,"column":20},"end":{"line":31,"column":4}}]},"14":{"type":"branch","line":28,"loc":{"start":{"line":28,"column":9},"end":{"line":28,"column":26}},"locations":[{"start":{"line":28,"column":9},"end":{"line":28,"column":26}}]},"15":{"type":"branch","line":28,"loc":{"start":{"line":28,"column":26},"end":{"line":28,"column":36}},"locations":[{"start":{"line":28,"column":26},"end":{"line":28,"column":36}}]},"16":{"type":"branch","line":28,"loc":{"start":{"line":28,"column":33},"end":{"line":30,"column":33}},"locations":[{"start":{"line":28,"column":33},"end":{"line":30,"column":33}}]}},"b":{"0":[11],"1":[2],"2":[9],"3":[4],"4":[4],"5":[4],"6":[7],"7":[4],"8":[4],"9":[9],"10":[4],"11":[5],"12":[4],"13":[9],"14":[4],"15":[5],"16":[4]},"fnMap":{"0":{"name":"Detail","decl":{"start":{"line":10,"column":0},"end":{"line":49,"column":1}},"loc":{"start":{"line":10,"column":0},"end":{"line":49,"column":1}},"line":10},"1":{"name":"getWeight","decl":{"start":{"line":21,"column":20},"end":{"line":25,"column":4}},"loc":{"start":{"line":21,"column":20},"end":{"line":25,"column":4}},"line":21},"2":{"name":"getHeight","decl":{"start":{"line":27,"column":20},"end":{"line":31,"column":4}},"loc":{"start":{"line":27,"column":20},"end":{"line":31,"column":4}},"line":27}},"f":{"0":11,"1":9,"2":9}}
,"/Users/a.contreras/Development/Learning/React/pokedex/src/components/Detail/DetailItem/DetailItem.tsx": {"path":"/Users/a.contreras/Development/Learning/React/pokedex/src/components/Detail/DetailItem/DetailItem.tsx","all":false,"statementMap":{"0":{"start":{"line":1,"column":0},"end":{"line":1,"column":26}},"7":{"start":{"line":8,"column":0},"end":{"line":8,"column":70}},"8":{"start":{"line":9,"column":0},"end":{"line":9,"column":10}},"9":{"start":{"line":10,"column":0},"end":{"line":10,"column":7}},"10":{"start":{"line":11,"column":0},"end":{"line":11,"column":62}},"11":{"start":{"line":12,"column":0},"end":{"line":12,"column":63}},"12":{"start":{"line":13,"column":0},"end":{"line":13,"column":8}},"14":{"start":{"line":15,"column":0},"end":{"line":15,"column":1}}},"s":{"0":1,"7":30,"8":30,"9":30,"10":30,"11":30,"12":30,"14":30},"branchMap":{"0":{"type":"branch","line":8,"loc":{"start":{"line":8,"column":0},"end":{"line":15,"column":1}},"locations":[{"start":{"line":8,"column":0},"end":{"line":15,"column":1}}]}},"b":{"0":[30]},"fnMap":{"0":{"name":"DetailItem","decl":{"start":{"line":8,"column":0},"end":{"line":15,"column":1}},"loc":{"start":{"line":8,"column":0},"end":{"line":15,"column":1}},"line":8}},"f":{"0":30}}
,"/Users/a.contreras/Development/Learning/React/pokedex/src/components/List/List.tsx": {"path":"/Users/a.contreras/Development/Learning/React/pokedex/src/components/List/List.tsx","all":false,"statementMap":{"0":{"start":{"line":1,"column":0},"end":{"line":1,"column":44}},"2":{"start":{"line":3,"column":0},"end":{"line":3,"column":20}},"8":{"start":{"line":9,"column":0},"end":{"line":9,"column":59}},"9":{"start":{"line":10,"column":0},"end":{"line":10,"column":69}},"11":{"start":{"line":12,"column":0},"end":{"line":12,"column":19}},"12":{"start":{"line":13,"column":0},"end":{"line":13,"column":55}},"13":{"start":{"line":14,"column":0},"end":{"line":14,"column":42}},"14":{"start":{"line":15,"column":0},"end":{"line":15,"column":41}},"15":{"start":{"line":16,"column":0},"end":{"line":16,"column":37}},"16":{"start":{"line":17,"column":0},"end":{"line":17,"column":9}},"17":{"start":{"line":18,"column":0},"end":{"line":18,"column":9}},"19":{"start":{"line":20,"column":0},"end":{"line":20,"column":22}},"20":{"start":{"line":21,"column":0},"end":{"line":21,"column":41}},"21":{"start":{"line":22,"column":0},"end":{"line":22,"column":45}},"22":{"start":{"line":23,"column":0},"end":{"line":23,"column":120}},"23":{"start":{"line":24,"column":0},"end":{"line":24,"column":26}},"24":{"start":{"line":25,"column":0},"end":{"line":25,"column":15}},"25":{"start":{"line":26,"column":0},"end":{"line":26,"column":10}},"26":{"start":{"line":27,"column":0},"end":{"line":27,"column":11}},"28":{"start":{"line":29,"column":0},"end":{"line":29,"column":10}},"29":{"start":{"line":30,"column":0},"end":{"line":30,"column":13}},"30":{"start":{"line":31,"column":0},"end":{"line":31,"column":23}},"31":{"start":{"line":32,"column":0},"end":{"line":32,"column":76}},"32":{"start":{"line":33,"column":0},"end":{"line":33,"column":89}},"33":{"start":{"line":34,"column":0},"end":{"line":34,"column":14}},"35":{"start":{"line":36,"column":0},"end":{"line":36,"column":1}}},"s":{"0":1,"2":1,"8":7,"9":7,"11":7,"12":5,"13":5,"14":5,"15":3,"16":5,"17":7,"19":7,"20":7,"21":2,"22":4,"23":4,"24":4,"25":2,"26":5,"28":7,"29":7,"30":7,"31":7,"32":7,"33":7,"35":7},"branchMap":{"0":{"type":"branch","line":9,"loc":{"start":{"line":9,"column":0},"end":{"line":36,"column":1}},"locations":[{"start":{"line":9,"column":0},"end":{"line":36,"column":1}}]},"1":{"type":"branch","line":21,"loc":{"start":{"line":21,"column":40},"end":{"line":26,"column":10}},"locations":[{"start":{"line":21,"column":40},"end":{"line":26,"column":10}}]},"2":{"type":"branch","line":26,"loc":{"start":{"line":26,"column":9},"end":{"line":27,"column":11}},"locations":[{"start":{"line":26,"column":9},"end":{"line":27,"column":11}}]},"3":{"type":"branch","line":32,"loc":{"start":{"line":32,"column":45},"end":{"line":32,"column":76}},"locations":[{"start":{"line":32,"column":45},"end":{"line":32,"column":76}}]},"4":{"type":"branch","line":33,"loc":{"start":{"line":33,"column":43},"end":{"line":33,"column":89}},"locations":[{"start":{"line":33,"column":43},"end":{"line":33,"column":89}}]},"5":{"type":"branch","line":12,"loc":{"start":{"line":12,"column":12},"end":{"line":18,"column":5}},"locations":[{"start":{"line":12,"column":12},"end":{"line":18,"column":5}}]},"6":{"type":"branch","line":14,"loc":{"start":{"line":14,"column":12},"end":{"line":14,"column":41}},"locations":[{"start":{"line":14,"column":12},"end":{"line":14,"column":41}}]},"7":{"type":"branch","line":15,"loc":{"start":{"line":15,"column":12},"end":{"line":17,"column":7}},"locations":[{"start":{"line":15,"column":12},"end":{"line":17,"column":7}}]},"8":{"type":"branch","line":22,"loc":{"start":{"line":22,"column":24},"end":{"line":25,"column":15}},"locations":[{"start":{"line":22,"column":24},"end":{"line":25,"column":15}}]},"9":{"type":"branch","line":23,"loc":{"start":{"line":23,"column":86},"end":{"line":23,"column":120}},"locations":[{"start":{"line":23,"column":86},"end":{"line":23,"column":120}}]}},"b":{"0":[7],"1":[2],"2":[5],"3":[5],"4":[2],"5":[5],"6":[3],"7":[3],"8":[4],"9":[1]},"fnMap":{"0":{"name":"List","decl":{"start":{"line":9,"column":0},"end":{"line":36,"column":1}},"loc":{"start":{"line":9,"column":0},"end":{"line":36,"column":1}},"line":9},"1":{"name":"onClick","decl":{"start":{"line":23,"column":86},"end":{"line":23,"column":120}},"loc":{"start":{"line":23,"column":86},"end":{"line":23,"column":120}},"line":23}},"f":{"0":7,"1":1}}
,"/Users/a.contreras/Development/Learning/React/pokedex/src/models/pokemon.model.ts": {"path":"/Users/a.contreras/Development/Learning/React/pokedex/src/models/pokemon.model.ts","all":true,"statementMap":{},"s":{},"branchMap":{"0":{"type":"branch","line":1,"loc":{"start":{"line":1,"column":576},"end":{"line":33,"column":1}},"locations":[{"start":{"line":1,"column":576},"end":{"line":33,"column":1}}]}},"b":{"0":[1]},"fnMap":{"0":{"name":"(empty-report)","decl":{"start":{"line":1,"column":576},"end":{"line":33,"column":1}},"loc":{"start":{"line":1,"column":576},"end":{"line":33,"column":1}},"line":1}},"f":{"0":1}}
}
